<?xml version="1.0" encoding="UTF-8"?>
<!-- Generated by org.testng.reporters.JUnitReportReporter -->
<testsuite skipped="0" hostname="DESKTOP-S9VNJOV" name="com.debyt.testCases.TC_Signup_3_DDT" tests="2" failures="0" timestamp="03 Jun 2020 14:30:00 GMT" time="22.765" errors="0">
  <testcase name="signupStep3" time="1.105" classname="com.debyt.testCases.TC_Signup_3_DDT"/>
  <testcase name="compdetailData" time="21.660" classname="com.debyt.testCases.TC_Signup_3_DDT"/>
</testsuite> <!-- com.debyt.testCases.TC_Signup_3_DDT -->
