<?xml version="1.0" encoding="UTF-8"?>
<!-- Generated by org.testng.reporters.JUnitReportReporter -->
<testsuite skipped="0" hostname="DESKTOP-S9VNJOV" name="com.debyt.testCases.TC_Signup_1_DDT" tests="1" failures="0" timestamp="29 May 2020 14:28:26 GMT" time="3.022" errors="0">
  <testcase name="loginDDT" time="3.022" classname="com.debyt.testCases.TC_Signup_1_DDT"/>
</testsuite> <!-- com.debyt.testCases.TC_Signup_1_DDT -->
