<?xml version="1.0" encoding="UTF-8"?>
<!-- Generated by org.testng.reporters.JUnitReportReporter -->
<testsuite skipped="0" hostname="DESKTOP-S9VNJOV" name="com.debyt.testCases.TC_Signup" tests="1" failures="0" timestamp="28 May 2020 12:19:56 GMT" time="3.104" errors="0">
  <testcase name="signup" time="3.104" classname="com.debyt.testCases.TC_Signup"/>
</testsuite> <!-- com.debyt.testCases.TC_Signup -->
