<?xml version="1.0" encoding="UTF-8"?>
<!-- Generated by org.testng.reporters.JUnitReportReporter -->
<testsuite skipped="0" hostname="DESKTOP-S9VNJOV" name="com.debyt.testCases.TC_Signup_2_DDT" tests="2" failures="0" timestamp="01 Jun 2020 18:04:42 GMT" time="24.112" errors="0">
  <testcase name="signupStep2" time="14.704" classname="com.debyt.testCases.TC_Signup_2_DDT"/>
  <testcase name="enterCompInfoData" time="9.408" classname="com.debyt.testCases.TC_Signup_2_DDT"/>
</testsuite> <!-- com.debyt.testCases.TC_Signup_2_DDT -->
