<?xml version="1.0" encoding="UTF-8"?>
<!-- Generated by org.testng.reporters.JUnitReportReporter -->
<testsuite skipped="0" hostname="DESKTOP-S9VNJOV" name="com.debyt.database.ConnectSQLServer" tests="1" failures="0" timestamp="20 May 2020 19:23:30 GMT" time="3.654" errors="0">
  <testcase name="testDB" time="3.654" classname="com.debyt.database.ConnectSQLServer"/>
</testsuite> <!-- com.debyt.database.ConnectSQLServer -->
