<?xml version="1.0" encoding="UTF-8"?>
<!-- Generated by org.testng.reporters.JUnitReportReporter -->
<testsuite skipped="0" hostname="DESKTOP-S9VNJOV" name="com.debyt.testCases.TC_Signup_5_DDT" tests="1" failures="0" timestamp="05 Jun 2020 16:06:06 GMT" time="15.548" errors="0">
  <testcase name="signupStep4" time="15.548" classname="com.debyt.testCases.TC_Signup_5_DDT"/>
</testsuite> <!-- com.debyt.testCases.TC_Signup_5_DDT -->
