<?xml version="1.0" encoding="UTF-8"?>
<!-- Generated by org.testng.reporters.JUnitReportReporter -->
<testsuite skipped="0" hostname="DESKTOP-S9VNJOV" name="com.debyt.testCases.TC_Signup_1_DDT" tests="1" failures="0" timestamp="30 May 2020 17:24:51 GMT" time="12.800" errors="0">
  <testcase name="loginDDT" time="12.800" classname="com.debyt.testCases.TC_Signup_1_DDT"/>
</testsuite> <!-- com.debyt.testCases.TC_Signup_1_DDT -->
