<?xml version="1.0" encoding="UTF-8"?>
<!-- Generated by org.testng.reporters.JUnitReportReporter -->
<testsuite skipped="0" hostname="DESKTOP-S9VNJOV" name="com.debyt.testCases.TC_Signup_3_DDT" tests="2" failures="0" timestamp="05 Jun 2020 16:06:06 GMT" time="24.931" errors="0">
  <testcase name="signupStep3" time="1.645" classname="com.debyt.testCases.TC_Signup_3_DDT"/>
  <testcase name="compdetailData" time="23.286" classname="com.debyt.testCases.TC_Signup_3_DDT"/>
</testsuite> <!-- com.debyt.testCases.TC_Signup_3_DDT -->
