<?xml version="1.0" encoding="UTF-8"?>
<!-- Generated by org.testng.reporters.JUnitReportReporter -->
<testsuite skipped="0" hostname="DESKTOP-S9VNJOV" name="com.debyt.testCases.TC_Signup" tests="2" failures="0" timestamp="28 May 2020 17:03:03 GMT" time="2.360" errors="0">
  <testcase name="signup" time="1.019" classname="com.debyt.testCases.TC_Signup"/>
  <testcase name="createAccount" time="1.341" classname="com.debyt.testCases.TC_Signup"/>
</testsuite> <!-- com.debyt.testCases.TC_Signup -->
